生成启动时间为 2015/3/22 18:56:07。
     1>项目“E:\学习\大三下\算法\Insertion-sort\Insertion-sort\Insertion-sort.vcxproj”在节点 2 上(build 个目标)。
     1>InitializeBuildStatus:
         正在创建“Debug\Insertion-sort.unsuccessfulbuild”，因为已指定“AlwaysCreate”。
       ClCompile:
         D:\Program Files\VC\bin\CL.exe /c /ZI /nologo /W3 /WX- /Od /Oy- /D WIN32 /D _DEBUG /D _CONSOLE /D _UNICODE /D UNICODE /Gm /EHsc /RTC1 /MDd /GS /fp:precise /Zc:wchar_t /Zc:forScope /Fo"Debug\\" /Fd"Debug\vc100.pdb" /Gd /TP /analyze- /errorReport:prompt "insertion-sort.cpp"
         insertion-sort.cpp
       ManifestResourceCompile:
         所有输出均为最新。
       Link:
         D:\Program Files\VC\bin\link.exe /ERRORREPORT:PROMPT /OUT:"E:\学习\大三下\算法\Insertion-sort\Debug\Insertion-sort.exe" /INCREMENTAL /NOLOGO kernel32.lib user32.lib gdi32.lib winspool.lib comdlg32.lib advapi32.lib shell32.lib ole32.lib oleaut32.lib uuid.lib odbc32.lib odbccp32.lib /MANIFEST /ManifestFile:"Debug\Insertion-sort.exe.intermediate.manifest" /MANIFESTUAC:"level='asInvoker' uiAccess='false'" /DEBUG /PDB:"E:\学习\大三下\算法\Insertion-sort\Debug\Insertion-sort.pdb" /SUBSYSTEM:CONSOLE /TLBID:1 /DYNAMICBASE /NXCOMPAT /IMPLIB:"E:\学习\大三下\算法\Insertion-sort\Debug\Insertion-sort.lib" /MACHINE:X86 "Debug\Insertion-sort.exe.embed.manifest.res"
         "Debug\insertion-sort.obj"
       Manifest:
         C:\Program Files\Microsoft SDKs\Windows\v7.0A\bin\mt.exe /nologo /verbose /out:"Debug\Insertion-sort.exe.embed.manifest" /manifest "Debug\Insertion-sort.exe.intermediate.manifest"
         所有输出均为最新。
       LinkEmbedManifest:
         所有输出均为最新。
         Insertion-sort.vcxproj -> E:\学习\大三下\算法\Insertion-sort\Debug\Insertion-sort.exe
       FinalizeBuildStatus:
         正在删除文件“Debug\Insertion-sort.unsuccessfulbuild”。
         正在对“Debug\Insertion-sort.lastbuildstate”执行 Touch 任务。
     1>已完成生成项目“E:\学习\大三下\算法\Insertion-sort\Insertion-sort\Insertion-sort.vcxproj”(build 个目标)的操作。

生成成功。

已用时间 00:00:01.18
